<?xml version="1.0" encoding="UTF-8"?>
<!-- Generated by org.testng.reporters.JUnitXMLReporter -->
<testsuite ignored="0" hostname="Abdulraheem" failures="0" tests="11" name="Default test" time="24.043" errors="0" timestamp="2024-08-18T19:57:49 EET">
  <testcase classname="homePage.myTestcases" name="CheckTheDefaultLangugeIsEnglish" time="0.027"/>
  <testcase classname="homePage.myTestcases" name="CheckdefaultCurrency" time="0.021"/>
  <testcase classname="homePage.myTestcases" name="CheckContactNumber" time="0.024"/>
  <testcase classname="homePage.myTestcases" name="CheckQitagLogo" time="0.052"/>
  <testcase classname="homePage.myTestcases" name="TestHotelTabIsNotSelected" time="0.019"/>
  <testcase classname="homePage.myTestcases" name="CheckDepatureDate" time="0.075"/>
  <testcase classname="homePage.myTestcases" name="RandomlyChangeTheLanguage" time="1.28"/>
  <testcase classname="homePage.myTestcases" name="FillHotelTab" time="0.373"/>
  <testcase classname="homePage.myTestcases" name="RandomlySelectTheNumberOfVistor" time="3.21"/>
  <testcase classname="homePage.myTestcases" name="CheckThePageFullyLoaded" time="13.787"/>
  <testcase classname="homePage.myTestcases" name="SortItemsLowestToHighestPrice" time="0.359"/>
</testsuite> <!-- Default test -->
