<?xml version="1.0" encoding="UTF-8"?>
<!-- Generated by org.testng.reporters.JUnitXMLReporter -->
<testsuite ignored="0" hostname="Abdulraheem" failures="0" tests="4" name="Default test" time="2.646" errors="0" timestamp="2024-08-14T19:38:18 EET">
  <testcase classname="homePage.myTestcases" name="CheckQitagLogo" time="0.104"/>
  <testcase classname="homePage.myTestcases" name="CheckTheDefaultLangugeIsEnglish" time="0.058"/>
  <testcase classname="homePage.myTestcases" name="CheckdefaultCurrency" time="0.032"/>
  <testcase classname="homePage.myTestcases" name="CheckContactNumber" time="0.029"/>
</testsuite> <!-- Default test -->
