<?xml version="1.0" encoding="UTF-8"?>
<testng-results ignored="0" total="4" passed="4" failed="0" skipped="0">
  <reporter-output>
  </reporter-output>
  <suite started-at="2024-08-14T19:38:15 EET" name="Default suite" finished-at="2024-08-14T19:38:18 EET" duration-ms="2646">
    <groups>
    </groups>
    <test started-at="2024-08-14T19:38:15 EET" name="Default test" finished-at="2024-08-14T19:38:18 EET" duration-ms="2646">
      <class name="homePage.myTestcases">
        <test-method is-config="true" signature="mySetup()[pri:0, instance:homePage.myTestcases@3a3e78f]" started-at="2024-08-14T19:38:15 EET" name="mySetup" finished-at="2024-08-14T19:38:18 EET" duration-ms="2395" status="PASS">
          <reporter-output>
          </reporter-output>
        </test-method> <!-- mySetup -->
        <test-method signature="CheckQitagLogo()[pri:0, instance:homePage.myTestcases@3a3e78f]" started-at="2024-08-14T19:38:18 EET" name="CheckQitagLogo" finished-at="2024-08-14T19:38:18 EET" duration-ms="104" status="PASS">
          <reporter-output>
          </reporter-output>
        </test-method> <!-- CheckQitagLogo -->
        <test-method signature="CheckTheDefaultLangugeIsEnglish()[pri:1, instance:homePage.myTestcases@3a3e78f]" started-at="2024-08-14T19:38:18 EET" name="CheckTheDefaultLangugeIsEnglish" finished-at="2024-08-14T19:38:18 EET" duration-ms="58" status="PASS">
          <reporter-output>
          </reporter-output>
        </test-method> <!-- CheckTheDefaultLangugeIsEnglish -->
        <test-method signature="CheckdefaultCurrency()[pri:2, instance:homePage.myTestcases@3a3e78f]" started-at="2024-08-14T19:38:18 EET" name="CheckdefaultCurrency" finished-at="2024-08-14T19:38:18 EET" duration-ms="32" status="PASS">
          <reporter-output>
          </reporter-output>
        </test-method> <!-- CheckdefaultCurrency -->
        <test-method signature="CheckContactNumber()[pri:3, instance:homePage.myTestcases@3a3e78f]" started-at="2024-08-14T19:38:18 EET" name="CheckContactNumber" finished-at="2024-08-14T19:38:18 EET" duration-ms="29" status="PASS">
          <reporter-output>
          </reporter-output>
        </test-method> <!-- CheckContactNumber -->
      </class> <!-- homePage.myTestcases -->
    </test> <!-- Default test -->
  </suite> <!-- Default suite -->
</testng-results>
